Info    2022-05-27 10:56:44:0368  DevID:CCD1(00C65085344)  Source-Line:MvCameraControl.dll(CInterfaceManager.cpp-L0863)     Description:Current dynamic library path[C:\Program Files (x86)\Common Files\MVS\Runtime\Win64_x64\MvCameraControl.dll]     Solution:
Info    2022-05-27 10:56:44:0368  DevID:CCD1(00C65085344)  Source-Line:MvCameraControl.dll(CInterfaceManager.cpp-L0866)     Description:[MV_CC_CreateHandle] return[0x0]     Solution:
Info    2022-05-27 10:56:44:0369  DevID:CCD1(00C65085344)  Source-Line:MvCameraControl.dll(CInterfaceManager.cpp-L6010)     Description:CamCtrl[0x3000003], GigE SDKVersion[0x3000003], DriverVersion[0x3000001]     Solution:
Info    2022-05-27 10:56:44:0728  DevID:CCD1(00C65085344)  Source-Line:MvCameraControl.dll(CInterfaceManager.cpp-L4097)     Description:[MV_CC_InvalidateNodes] return[0x0]     Solution:
Info    2022-05-27 10:56:44:0728  DevID:CCD1(00C65085344)  Source-Line:MvCameraControl.dll(CInterfaceManager.cpp-L1125)     Description:[MV_CC_OpenDevice] nPrivilegeMode[1], nSwitchoverKey[0], return[0x0]     Solution:
Info    2022-05-27 10:56:44:0743  DevID:CCD1(00C65085344)  Source-Line:MvCameraControl.dll(CInterfaceManager.cpp-L1470)     Description:[MV_CC_RegisterImageCallBackEx] return[0x0]     Solution:
Info    2022-05-27 10:56:44:0744  DevID:CCD1(00C65085344)  Source-Line:MvCameraControl.dll(CInterfaceManager.cpp-L2713)     Description:[MV_CC_RegisterExceptionCallBack] return[0x0]     Solution:
Error   2022-05-27 10:56:47:0195  DevID:CCD1(00C65085344)  Source-Line:MvCameraControl.dll(XmlParse.cpp-L2459)     Description:SetNodeValue [ExposureAuto], [Node is not writable. : AccessException thrown in node 'ExposureAuto' while calling 'ExposureAuto.SetIntValue()' (file 'EnumerationT.h', line 83)]     Solution:
Error   2022-05-27 10:56:47:0195  DevID:CCD1(00C65085344)  Source-Line:MvCameraControl.dll(CInterfaceManager.cpp-L3820)     Description:[MV_CC_SetEnumValue] Property[ExposureAuto], Value[0], return[0x80000106]     Solution:
Error   2022-05-27 10:56:47:0265  DevID:CCD1(00C65085344)  Source-Line:MvCameraControl.dll(XmlParse.cpp-L2379)     Description:GetNodeValue [ExposureAuto], [Node is not readable. : AccessException thrown in node 'ExposureAuto' while calling 'ExposureAuto.GetIntValue()' (file 'EnumerationT.h', line 131)]     Solution:
Info    2022-05-27 10:56:47:0331  DevID:CCD1(00C65085344)  Source-Line:MvCameraControl.dll(CInterfaceManager.cpp-L1692)     Description:GigE, DeviceModelName[MV-CE200-10GM], DeviceFirmwareVersion[V2.8.2 171206,171129], DeviceMaxThroughput[745405]     Solution:
Info    2022-05-27 10:56:47:0331  DevID:CCD1(00C65085344)  Source-Line:MvCameraControl.dll(CInterfaceManager.cpp-L1697)     Description:GigE, Width[5472], Height[3648], OffsetX[0], OffsetY[0], PixelFormat[0x1080001], AcquisitionMode[2]     Solution:
Info    2022-05-27 10:56:47:0331  DevID:CCD1(00C65085344)  Source-Line:MvCameraControl.dll(CInterfaceManager.cpp-L1703)     Description:GigE, TriggerMode[1], ResultingFrameRate[4.70], ExposureTime[5000.00], ExposureAuto[0], PayloadSize[19961856]     Solution:
Info    2022-05-27 10:56:47:0331  DevID:CCD1(00C65085344)  Source-Line:MvCameraControl.dll(CInterfaceManager.cpp-L1708)     Description:GigE, GevLinkSpeed[1000], GevHeartbeatTimeout[5000], GevSCPSPacketSize[1500], GevSCPD[400]     Solution:
Info    2022-05-27 10:56:47:0332  DevID:CCD1(00C65085344)  Source-Line:MvCameraControl.dll(CInterfaceManager.cpp-L1811)     Description:The callback has been registered     Solution:
Info    2022-05-27 10:56:47:0332  DevID:CCD1(00C65085344)  Source-Line:MvCameraControl.dll(CInterfaceManager.cpp-L5698)     Description:CamCtrl RecvThread Start, ThreadId[16400]     Solution:
Info    2022-05-27 10:56:47:0332  DevID:CCD1(00C65085344)  Source-Line:MvCameraControl.dll(CInterfaceManager.cpp-L5524)     Description:CamCtrl Display Thread Start, ThreadId[13964]     Solution:
Info    2022-05-27 10:56:47:0444  DevID:CCD1(00C65085344)  Source-Line:MvCameraControl.dll(CInterfaceManager.cpp-L1820)     Description:[MV_CC_StartGrabbing] return[0x0]     Solution:
Info    2022-05-27 10:57:29:0637  DevID:CCD1(00C65085344)  Source-Line:MvCameraControl.dll(CInterfaceManager.cpp-L1904)     Description:[StopGrabbing] return[0x0]     Solution:
Info    2022-05-27 10:57:29:0637  DevID:CCD1(00C65085344)  Source-Line:MvCameraControl.dll(CInterfaceManager.cpp-L1905)     Description:GetFrameCount [0], GetFrameSucceedCount[0], RecvFrameCount[0]     Solution:
Info    2022-05-27 10:57:29:0637  DevID:CCD1(00C65085344)  Source-Line:MvCameraControl.dll(CInterfaceManager.cpp-L5873)     Description:RecvThread Process Exit     Solution:
Info    2022-05-27 10:57:29:0728  DevID:CCD1(00C65085344)  Source-Line:MvCameraControl.dll(CInterfaceManager.cpp-L5681)     Description:Display process exit     Solution:
Info    2022-05-27 10:57:30:0612  DevID:CCD1(00C65085344)  Source-Line:MvCameraControl.dll(CInterfaceManager.cpp-L1206)     Description:[CloseDevice] return[0x0]     Solution:
Info    2022-05-27 10:59:13:0501  DevID:CCD1(00C65085344)  Source-Line:MvCameraControl.dll(CInterfaceManager.cpp-L0863)     Description:Current dynamic library path[C:\Program Files (x86)\Common Files\MVS\Runtime\Win64_x64\MvCameraControl.dll]     Solution:
Info    2022-05-27 10:59:13:0501  DevID:CCD1(00C65085344)  Source-Line:MvCameraControl.dll(CInterfaceManager.cpp-L0866)     Description:[MV_CC_CreateHandle] return[0x0]     Solution:
Info    2022-05-27 10:59:13:0502  DevID:CCD1(00C65085344)  Source-Line:MvCameraControl.dll(CInterfaceManager.cpp-L6010)     Description:CamCtrl[0x3000003], GigE SDKVersion[0x3000003], DriverVersion[0x3000001]     Solution:
Info    2022-05-27 10:59:13:0871  DevID:CCD1(00C65085344)  Source-Line:MvCameraControl.dll(CInterfaceManager.cpp-L4097)     Description:[MV_CC_InvalidateNodes] return[0x0]     Solution:
Info    2022-05-27 10:59:13:0871  DevID:CCD1(00C65085344)  Source-Line:MvCameraControl.dll(CInterfaceManager.cpp-L1125)     Description:[MV_CC_OpenDevice] nPrivilegeMode[1], nSwitchoverKey[0], return[0x0]     Solution:
Info    2022-05-27 10:59:13:0886  DevID:CCD1(00C65085344)  Source-Line:MvCameraControl.dll(CInterfaceManager.cpp-L1470)     Description:[MV_CC_RegisterImageCallBackEx] return[0x0]     Solution:
Info    2022-05-27 10:59:13:0887  DevID:CCD1(00C65085344)  Source-Line:MvCameraControl.dll(CInterfaceManager.cpp-L2713)     Description:[MV_CC_RegisterExceptionCallBack] return[0x0]     Solution:
Info    2022-05-27 11:08:35:0090  DevID:CCD1(00C65085344)  Source-Line:MvCameraControl.dll(CInterfaceManager.cpp-L0863)     Description:Current dynamic library path[C:\Program Files (x86)\Common Files\MVS\Runtime\Win64_x64\MvCameraControl.dll]     Solution:
Info    2022-05-27 11:08:35:0090  DevID:CCD1(00C65085344)  Source-Line:MvCameraControl.dll(CInterfaceManager.cpp-L0866)     Description:[MV_CC_CreateHandle] return[0x0]     Solution:
Info    2022-05-27 11:08:35:0091  DevID:CCD1(00C65085344)  Source-Line:MvCameraControl.dll(CInterfaceManager.cpp-L6010)     Description:CamCtrl[0x3000003], GigE SDKVersion[0x3000003], DriverVersion[0x3000001]     Solution:
Info    2022-05-27 11:08:35:0460  DevID:CCD1(00C65085344)  Source-Line:MvCameraControl.dll(CInterfaceManager.cpp-L4097)     Description:[MV_CC_InvalidateNodes] return[0x0]     Solution:
Info    2022-05-27 11:08:35:0460  DevID:CCD1(00C65085344)  Source-Line:MvCameraControl.dll(CInterfaceManager.cpp-L1125)     Description:[MV_CC_OpenDevice] nPrivilegeMode[1], nSwitchoverKey[0], return[0x0]     Solution:
Info    2022-05-27 11:08:35:0478  DevID:CCD1(00C65085344)  Source-Line:MvCameraControl.dll(CInterfaceManager.cpp-L1470)     Description:[MV_CC_RegisterImageCallBackEx] return[0x0]     Solution:
Info    2022-05-27 11:08:35:0479  DevID:CCD1(00C65085344)  Source-Line:MvCameraControl.dll(CInterfaceManager.cpp-L2713)     Description:[MV_CC_RegisterExceptionCallBack] return[0x0]     Solution:
Error   2022-05-27 11:08:41:0211  DevID:CCD1(00C65085344)  Source-Line:MvCameraControl.dll(XmlParse.cpp-L2459)     Description:SetNodeValue [ExposureAuto], [Node is not writable. : AccessException thrown in node 'ExposureAuto' while calling 'ExposureAuto.SetIntValue()' (file 'EnumerationT.h', line 83)]     Solution:
Error   2022-05-27 11:08:41:0211  DevID:CCD1(00C65085344)  Source-Line:MvCameraControl.dll(CInterfaceManager.cpp-L3820)     Description:[MV_CC_SetEnumValue] Property[ExposureAuto], Value[0], return[0x80000106]     Solution:
Error   2022-05-27 11:08:41:0291  DevID:CCD1(00C65085344)  Source-Line:MvCameraControl.dll(XmlParse.cpp-L2379)     Description:GetNodeValue [ExposureAuto], [Node is not readable. : AccessException thrown in node 'ExposureAuto' while calling 'ExposureAuto.GetIntValue()' (file 'EnumerationT.h', line 131)]     Solution:
Info    2022-05-27 11:08:41:0370  DevID:CCD1(00C65085344)  Source-Line:MvCameraControl.dll(CInterfaceManager.cpp-L1692)     Description:GigE, DeviceModelName[MV-CE200-10GM], DeviceFirmwareVersion[V2.8.2 171206,171129], DeviceMaxThroughput[745405]     Solution:
Info    2022-05-27 11:08:41:0370  DevID:CCD1(00C65085344)  Source-Line:MvCameraControl.dll(CInterfaceManager.cpp-L1697)     Description:GigE, Width[5472], Height[3648], OffsetX[0], OffsetY[0], PixelFormat[0x1080001], AcquisitionMode[2]     Solution:
Info    2022-05-27 11:08:41:0370  DevID:CCD1(00C65085344)  Source-Line:MvCameraControl.dll(CInterfaceManager.cpp-L1703)     Description:GigE, TriggerMode[1], ResultingFrameRate[4.70], ExposureTime[5000.00], ExposureAuto[0], PayloadSize[19961856]     Solution:
Info    2022-05-27 11:08:41:0370  DevID:CCD1(00C65085344)  Source-Line:MvCameraControl.dll(CInterfaceManager.cpp-L1708)     Description:GigE, GevLinkSpeed[1000], GevHeartbeatTimeout[5000], GevSCPSPacketSize[1500], GevSCPD[400]     Solution:
Info    2022-05-27 11:08:41:0370  DevID:CCD1(00C65085344)  Source-Line:MvCameraControl.dll(CInterfaceManager.cpp-L1811)     Description:The callback has been registered     Solution:
Info    2022-05-27 11:08:41:0377  DevID:CCD1(00C65085344)  Source-Line:MvCameraControl.dll(CInterfaceManager.cpp-L1820)     Description:[MV_CC_StartGrabbing] return[0x0]     Solution:
Info    2022-05-27 11:08:41:0378  DevID:CCD1(00C65085344)  Source-Line:MvCameraControl.dll(CInterfaceManager.cpp-L5698)     Description:CamCtrl RecvThread Start, ThreadId[9508]     Solution:
Info    2022-05-27 11:08:41:0378  DevID:CCD1(00C65085344)  Source-Line:MvCameraControl.dll(CInterfaceManager.cpp-L5524)     Description:CamCtrl Display Thread Start, ThreadId[13124]     Solution:
Info    2022-05-27 14:36:35:0690  DevID:CCD1(00C65085344)  Source-Line:MvCameraControl.dll(CInterfaceManager.cpp-L1904)     Description:[StopGrabbing] return[0x0]     Solution:
Info    2022-05-27 14:36:35:0690  DevID:CCD1(00C65085344)  Source-Line:MvCameraControl.dll(CInterfaceManager.cpp-L1905)     Description:GetFrameCount [0], GetFrameSucceedCount[0], RecvFrameCount[0]     Solution:
Info    2022-05-27 14:36:35:0690  DevID:CCD1(00C65085344)  Source-Line:MvCameraControl.dll(CInterfaceManager.cpp-L5873)     Description:RecvThread Process Exit     Solution:
Info    2022-05-27 14:36:35:0721  DevID:CCD1(00C65085344)  Source-Line:MvCameraControl.dll(CInterfaceManager.cpp-L5681)     Description:Display process exit     Solution:
Info    2022-05-27 14:36:36:0460  DevID:CCD1(00C65085344)  Source-Line:MvCameraControl.dll(CInterfaceManager.cpp-L1206)     Description:[CloseDevice] return[0x0]     Solution:
Info    2022-05-27 16:26:13:0898  DevID:CCD1(00C65085344)  Source-Line:MvCameraControl.dll(CInterfaceManager.cpp-L0863)     Description:Current dynamic library path[C:\Program Files (x86)\Common Files\MVS\Runtime\Win64_x64\MvCameraControl.dll]     Solution:
Info    2022-05-27 16:26:13:0898  DevID:CCD1(00C65085344)  Source-Line:MvCameraControl.dll(CInterfaceManager.cpp-L0866)     Description:[MV_CC_CreateHandle] return[0x0]     Solution:
Info    2022-05-27 16:26:13:0899  DevID:CCD1(00C65085344)  Source-Line:MvCameraControl.dll(CInterfaceManager.cpp-L6010)     Description:CamCtrl[0x3000003], GigE SDKVersion[0x3000003], DriverVersion[0x3000001]     Solution:
Info    2022-05-27 16:26:14:0241  DevID:CCD1(00C65085344)  Source-Line:MvCameraControl.dll(CInterfaceManager.cpp-L4097)     Description:[MV_CC_InvalidateNodes] return[0x0]     Solution:
Info    2022-05-27 16:26:14:0241  DevID:CCD1(00C65085344)  Source-Line:MvCameraControl.dll(CInterfaceManager.cpp-L1125)     Description:[MV_CC_OpenDevice] nPrivilegeMode[1], nSwitchoverKey[0], return[0x0]     Solution:
Info    2022-05-27 16:26:14:0256  DevID:CCD1(00C65085344)  Source-Line:MvCameraControl.dll(CInterfaceManager.cpp-L1470)     Description:[MV_CC_RegisterImageCallBackEx] return[0x0]     Solution:
Info    2022-05-27 16:26:14:0256  DevID:CCD1(00C65085344)  Source-Line:MvCameraControl.dll(CInterfaceManager.cpp-L2713)     Description:[MV_CC_RegisterExceptionCallBack] return[0x0]     Solution:
Error   2022-05-27 16:26:39:0129  DevID:CCD1(00C65085344)  Source-Line:MvCameraControl.dll(XmlParse.cpp-L2459)     Description:SetNodeValue [ExposureAuto], [Node is not writable. : AccessException thrown in node 'ExposureAuto' while calling 'ExposureAuto.SetIntValue()' (file 'EnumerationT.h', line 83)]     Solution:
Error   2022-05-27 16:26:39:0129  DevID:CCD1(00C65085344)  Source-Line:MvCameraControl.dll(CInterfaceManager.cpp-L3820)     Description:[MV_CC_SetEnumValue] Property[ExposureAuto], Value[0], return[0x80000106]     Solution:
Error   2022-05-27 16:26:39:0206  DevID:CCD1(00C65085344)  Source-Line:MvCameraControl.dll(XmlParse.cpp-L2379)     Description:GetNodeValue [ExposureAuto], [Node is not readable. : AccessException thrown in node 'ExposureAuto' while calling 'ExposureAuto.GetIntValue()' (file 'EnumerationT.h', line 131)]     Solution:
Info    2022-05-27 16:26:39:0275  DevID:CCD1(00C65085344)  Source-Line:MvCameraControl.dll(CInterfaceManager.cpp-L1692)     Description:GigE, DeviceModelName[MV-CE200-10GM], DeviceFirmwareVersion[V2.8.2 171206,171129], DeviceMaxThroughput[745405]     Solution:
Info    2022-05-27 16:26:39:0275  DevID:CCD1(00C65085344)  Source-Line:MvCameraControl.dll(CInterfaceManager.cpp-L1697)     Description:GigE, Width[5472], Height[3648], OffsetX[0], OffsetY[0], PixelFormat[0x1080001], AcquisitionMode[2]     Solution:
Info    2022-05-27 16:26:39:0275  DevID:CCD1(00C65085344)  Source-Line:MvCameraControl.dll(CInterfaceManager.cpp-L1703)     Description:GigE, TriggerMode[1], ResultingFrameRate[4.70], ExposureTime[5000.00], ExposureAuto[0], PayloadSize[19961856]     Solution:
Info    2022-05-27 16:26:39:0275  DevID:CCD1(00C65085344)  Source-Line:MvCameraControl.dll(CInterfaceManager.cpp-L1708)     Description:GigE, GevLinkSpeed[1000], GevHeartbeatTimeout[5000], GevSCPSPacketSize[1500], GevSCPD[400]     Solution:
Info    2022-05-27 16:26:39:0275  DevID:CCD1(00C65085344)  Source-Line:MvCameraControl.dll(CInterfaceManager.cpp-L1811)     Description:The callback has been registered     Solution:
Info    2022-05-27 16:26:39:0284  DevID:CCD1(00C65085344)  Source-Line:MvCameraControl.dll(CInterfaceManager.cpp-L1820)     Description:[MV_CC_StartGrabbing] return[0x0]     Solution:
Info    2022-05-27 16:26:39:0284  DevID:CCD1(00C65085344)  Source-Line:MvCameraControl.dll(CInterfaceManager.cpp-L5698)     Description:CamCtrl RecvThread Start, ThreadId[14320]     Solution:
Info    2022-05-27 16:26:39:0284  DevID:CCD1(00C65085344)  Source-Line:MvCameraControl.dll(CInterfaceManager.cpp-L5524)     Description:CamCtrl Display Thread Start, ThreadId[21788]     Solution:
Info    2022-05-27 16:27:01:0314  DevID:CCD1(00C65085344)  Source-Line:MvCameraControl.dll(CInterfaceManager.cpp-L1904)     Description:[StopGrabbing] return[0x0]     Solution:
Info    2022-05-27 16:27:01:0314  DevID:CCD1(00C65085344)  Source-Line:MvCameraControl.dll(CInterfaceManager.cpp-L1905)     Description:GetFrameCount [0], GetFrameSucceedCount[0], RecvFrameCount[0]     Solution:
Info    2022-05-27 16:27:01:0314  DevID:CCD1(00C65085344)  Source-Line:MvCameraControl.dll(CInterfaceManager.cpp-L5873)     Description:RecvThread Process Exit     Solution:
Info    2022-05-27 16:27:01:0343  DevID:CCD1(00C65085344)  Source-Line:MvCameraControl.dll(CInterfaceManager.cpp-L5681)     Description:Display process exit     Solution:
Info    2022-05-27 16:27:02:0544  DevID:CCD1(00C65085344)  Source-Line:MvCameraControl.dll(CInterfaceManager.cpp-L1206)     Description:[CloseDevice] return[0x0]     Solution:
Info    2022-05-27 16:53:04:0973  DevID:CCD1(00C65085344)  Source-Line:MvCameraControl.dll(CInterfaceManager.cpp-L0863)     Description:Current dynamic library path[C:\Program Files (x86)\Common Files\MVS\Runtime\Win64_x64\MvCameraControl.dll]     Solution:
Info    2022-05-27 16:53:04:0973  DevID:CCD1(00C65085344)  Source-Line:MvCameraControl.dll(CInterfaceManager.cpp-L0866)     Description:[MV_CC_CreateHandle] return[0x0]     Solution:
Info    2022-05-27 16:53:04:0974  DevID:CCD1(00C65085344)  Source-Line:MvCameraControl.dll(CInterfaceManager.cpp-L6010)     Description:CamCtrl[0x3000003], GigE SDKVersion[0x3000003], DriverVersion[0x3000001]     Solution:
Info    2022-05-27 16:53:05:0334  DevID:CCD1(00C65085344)  Source-Line:MvCameraControl.dll(CInterfaceManager.cpp-L4097)     Description:[MV_CC_InvalidateNodes] return[0x0]     Solution:
Info    2022-05-27 16:53:05:0334  DevID:CCD1(00C65085344)  Source-Line:MvCameraControl.dll(CInterfaceManager.cpp-L1125)     Description:[MV_CC_OpenDevice] nPrivilegeMode[1], nSwitchoverKey[0], return[0x0]     Solution:
Info    2022-05-27 16:53:05:0350  DevID:CCD1(00C65085344)  Source-Line:MvCameraControl.dll(CInterfaceManager.cpp-L1470)     Description:[MV_CC_RegisterImageCallBackEx] return[0x0]     Solution:
Info    2022-05-27 16:53:05:0350  DevID:CCD1(00C65085344)  Source-Line:MvCameraControl.dll(CInterfaceManager.cpp-L2713)     Description:[MV_CC_RegisterExceptionCallBack] return[0x0]     Solution:
Error   2022-05-27 16:53:07:0297  DevID:CCD1(00C65085344)  Source-Line:MvCameraControl.dll(XmlParse.cpp-L2459)     Description:SetNodeValue [ExposureAuto], [Node is not writable. : AccessException thrown in node 'ExposureAuto' while calling 'ExposureAuto.SetIntValue()' (file 'EnumerationT.h', line 83)]     Solution:
Error   2022-05-27 16:53:07:0297  DevID:CCD1(00C65085344)  Source-Line:MvCameraControl.dll(CInterfaceManager.cpp-L3820)     Description:[MV_CC_SetEnumValue] Property[ExposureAuto], Value[0], return[0x80000106]     Solution:
Error   2022-05-27 16:53:07:0366  DevID:CCD1(00C65085344)  Source-Line:MvCameraControl.dll(XmlParse.cpp-L2379)     Description:GetNodeValue [ExposureAuto], [Node is not readable. : AccessException thrown in node 'ExposureAuto' while calling 'ExposureAuto.GetIntValue()' (file 'EnumerationT.h', line 131)]     Solution:
Info    2022-05-27 16:53:07:0433  DevID:CCD1(00C65085344)  Source-Line:MvCameraControl.dll(CInterfaceManager.cpp-L1692)     Description:GigE, DeviceModelName[MV-CE200-10GM], DeviceFirmwareVersion[V2.8.2 171206,171129], DeviceMaxThroughput[745405]     Solution:
Info    2022-05-27 16:53:07:0433  DevID:CCD1(00C65085344)  Source-Line:MvCameraControl.dll(CInterfaceManager.cpp-L1697)     Description:GigE, Width[5472], Height[3648], OffsetX[0], OffsetY[0], PixelFormat[0x1080001], AcquisitionMode[2]     Solution:
Info    2022-05-27 16:53:07:0433  DevID:CCD1(00C65085344)  Source-Line:MvCameraControl.dll(CInterfaceManager.cpp-L1703)     Description:GigE, TriggerMode[1], ResultingFrameRate[4.70], ExposureTime[5000.00], ExposureAuto[0], PayloadSize[19961856]     Solution:
Info    2022-05-27 16:53:07:0433  DevID:CCD1(00C65085344)  Source-Line:MvCameraControl.dll(CInterfaceManager.cpp-L1708)     Description:GigE, GevLinkSpeed[1000], GevHeartbeatTimeout[5000], GevSCPSPacketSize[1500], GevSCPD[400]     Solution:
Info    2022-05-27 16:53:07:0433  DevID:CCD1(00C65085344)  Source-Line:MvCameraControl.dll(CInterfaceManager.cpp-L1811)     Description:The callback has been registered     Solution:
Info    2022-05-27 16:53:07:0441  DevID:CCD1(00C65085344)  Source-Line:MvCameraControl.dll(CInterfaceManager.cpp-L1820)     Description:[MV_CC_StartGrabbing] return[0x0]     Solution:
Info    2022-05-27 16:53:07:0441  DevID:CCD1(00C65085344)  Source-Line:MvCameraControl.dll(CInterfaceManager.cpp-L5698)     Description:CamCtrl RecvThread Start, ThreadId[23560]     Solution:
Info    2022-05-27 16:53:07:0441  DevID:CCD1(00C65085344)  Source-Line:MvCameraControl.dll(CInterfaceManager.cpp-L5524)     Description:CamCtrl Display Thread Start, ThreadId[23564]     Solution:
Info    2022-05-27 16:53:51:0763  DevID:CCD1(00C65085344)  Source-Line:MvCameraControl.dll(CInterfaceManager.cpp-L1904)     Description:[StopGrabbing] return[0x0]     Solution:
Info    2022-05-27 16:53:51:0763  DevID:CCD1(00C65085344)  Source-Line:MvCameraControl.dll(CInterfaceManager.cpp-L1905)     Description:GetFrameCount [0], GetFrameSucceedCount[0], RecvFrameCount[0]     Solution:
Info    2022-05-27 16:53:51:0763  DevID:CCD1(00C65085344)  Source-Line:MvCameraControl.dll(CInterfaceManager.cpp-L5873)     Description:RecvThread Process Exit     Solution:
Info    2022-05-27 16:53:51:0852  DevID:CCD1(00C65085344)  Source-Line:MvCameraControl.dll(CInterfaceManager.cpp-L5681)     Description:Display process exit     Solution:
Info    2022-05-27 16:53:52:0407  DevID:CCD1(00C65085344)  Source-Line:MvCameraControl.dll(CInterfaceManager.cpp-L1206)     Description:[CloseDevice] return[0x0]     Solution:
Info    2022-05-27 16:54:58:0071  DevID:CCD1(00C65085344)  Source-Line:MvCameraControl.dll(CInterfaceManager.cpp-L0863)     Description:Current dynamic library path[C:\Program Files (x86)\Common Files\MVS\Runtime\Win64_x64\MvCameraControl.dll]     Solution:
Info    2022-05-27 16:54:58:0071  DevID:CCD1(00C65085344)  Source-Line:MvCameraControl.dll(CInterfaceManager.cpp-L0866)     Description:[MV_CC_CreateHandle] return[0x0]     Solution:
Info    2022-05-27 16:54:58:0071  DevID:CCD1(00C65085344)  Source-Line:MvCameraControl.dll(CInterfaceManager.cpp-L6010)     Description:CamCtrl[0x3000003], GigE SDKVersion[0x3000003], DriverVersion[0x3000001]     Solution:
Info    2022-05-27 16:54:58:0428  DevID:CCD1(00C65085344)  Source-Line:MvCameraControl.dll(CInterfaceManager.cpp-L4097)     Description:[MV_CC_InvalidateNodes] return[0x0]     Solution:
Info    2022-05-27 16:54:58:0428  DevID:CCD1(00C65085344)  Source-Line:MvCameraControl.dll(CInterfaceManager.cpp-L1125)     Description:[MV_CC_OpenDevice] nPrivilegeMode[1], nSwitchoverKey[0], return[0x0]     Solution:
Info    2022-05-27 16:54:58:0446  DevID:CCD1(00C65085344)  Source-Line:MvCameraControl.dll(CInterfaceManager.cpp-L1470)     Description:[MV_CC_RegisterImageCallBackEx] return[0x0]     Solution:
Info    2022-05-27 16:54:58:0447  DevID:CCD1(00C65085344)  Source-Line:MvCameraControl.dll(CInterfaceManager.cpp-L2713)     Description:[MV_CC_RegisterExceptionCallBack] return[0x0]     Solution:
Error   2022-05-27 16:55:01:0959  DevID:CCD1(00C65085344)  Source-Line:MvCameraControl.dll(XmlParse.cpp-L2459)     Description:SetNodeValue [ExposureAuto], [Node is not writable. : AccessException thrown in node 'ExposureAuto' while calling 'ExposureAuto.SetIntValue()' (file 'EnumerationT.h', line 83)]     Solution:
Error   2022-05-27 16:55:01:0959  DevID:CCD1(00C65085344)  Source-Line:MvCameraControl.dll(CInterfaceManager.cpp-L3820)     Description:[MV_CC_SetEnumValue] Property[ExposureAuto], Value[0], return[0x80000106]     Solution:
Error   2022-05-27 16:55:02:0023  DevID:CCD1(00C65085344)  Source-Line:MvCameraControl.dll(XmlParse.cpp-L2379)     Description:GetNodeValue [ExposureAuto], [Node is not readable. : AccessException thrown in node 'ExposureAuto' while calling 'ExposureAuto.GetIntValue()' (file 'EnumerationT.h', line 131)]     Solution:
Info    2022-05-27 16:55:02:0091  DevID:CCD1(00C65085344)  Source-Line:MvCameraControl.dll(CInterfaceManager.cpp-L1692)     Description:GigE, DeviceModelName[MV-CE200-10GM], DeviceFirmwareVersion[V2.8.2 171206,171129], DeviceMaxThroughput[745405]     Solution:
Info    2022-05-27 16:55:02:0091  DevID:CCD1(00C65085344)  Source-Line:MvCameraControl.dll(CInterfaceManager.cpp-L1697)     Description:GigE, Width[5472], Height[3648], OffsetX[0], OffsetY[0], PixelFormat[0x1080001], AcquisitionMode[2]     Solution:
Info    2022-05-27 16:55:02:0091  DevID:CCD1(00C65085344)  Source-Line:MvCameraControl.dll(CInterfaceManager.cpp-L1703)     Description:GigE, TriggerMode[1], ResultingFrameRate[4.70], ExposureTime[5000.00], ExposureAuto[0], PayloadSize[19961856]     Solution:
Info    2022-05-27 16:55:02:0091  DevID:CCD1(00C65085344)  Source-Line:MvCameraControl.dll(CInterfaceManager.cpp-L1708)     Description:GigE, GevLinkSpeed[1000], GevHeartbeatTimeout[5000], GevSCPSPacketSize[1500], GevSCPD[400]     Solution:
Info    2022-05-27 16:55:02:0092  DevID:CCD1(00C65085344)  Source-Line:MvCameraControl.dll(CInterfaceManager.cpp-L1811)     Description:The callback has been registered     Solution:
Info    2022-05-27 16:55:02:0092  DevID:CCD1(00C65085344)  Source-Line:MvCameraControl.dll(CInterfaceManager.cpp-L5698)     Description:CamCtrl RecvThread Start, ThreadId[14760]     Solution:
Info    2022-05-27 16:55:02:0092  DevID:CCD1(00C65085344)  Source-Line:MvCameraControl.dll(CInterfaceManager.cpp-L5524)     Description:CamCtrl Display Thread Start, ThreadId[23284]     Solution:
Info    2022-05-27 16:55:02:0098  DevID:CCD1(00C65085344)  Source-Line:MvCameraControl.dll(CInterfaceManager.cpp-L1820)     Description:[MV_CC_StartGrabbing] return[0x0]     Solution:
Info    2022-05-27 16:55:13:0314  DevID:CCD1(00C65085344)  Source-Line:MvCameraControl.dll(CInterfaceManager.cpp-L1904)     Description:[StopGrabbing] return[0x0]     Solution:
Info    2022-05-27 16:55:13:0314  DevID:CCD1(00C65085344)  Source-Line:MvCameraControl.dll(CInterfaceManager.cpp-L1905)     Description:GetFrameCount [0], GetFrameSucceedCount[0], RecvFrameCount[0]     Solution:
Info    2022-05-27 16:55:20:0611  DevID:CCD1(00C65085344)  Source-Line:MvCameraControl.dll(CInterfaceManager.cpp-L5873)     Description:RecvThread Process Exit     Solution:
Info    2022-05-27 16:55:20:0622  DevID:CCD1(00C65085344)  Source-Line:MvCameraControl.dll(CInterfaceManager.cpp-L5681)     Description:Display process exit     Solution:
Info    2022-05-27 16:55:20:0849  DevID:CCD1(00C65085344)  Source-Line:MvCameraControl.dll(CInterfaceManager.cpp-L1206)     Description:[CloseDevice] return[0x0]     Solution:
Info    2022-05-27 16:57:00:0905  DevID:CCD1(00C65085344)  Source-Line:MvCameraControl.dll(CInterfaceManager.cpp-L0863)     Description:Current dynamic library path[C:\Program Files (x86)\Common Files\MVS\Runtime\Win64_x64\MvCameraControl.dll]     Solution:
Info    2022-05-27 16:57:00:0905  DevID:CCD1(00C65085344)  Source-Line:MvCameraControl.dll(CInterfaceManager.cpp-L0866)     Description:[MV_CC_CreateHandle] return[0x0]     Solution:
Info    2022-05-27 16:57:00:0906  DevID:CCD1(00C65085344)  Source-Line:MvCameraControl.dll(CInterfaceManager.cpp-L6010)     Description:CamCtrl[0x3000003], GigE SDKVersion[0x3000003], DriverVersion[0x3000001]     Solution:
Info    2022-05-27 16:57:01:0278  DevID:CCD1(00C65085344)  Source-Line:MvCameraControl.dll(CInterfaceManager.cpp-L4097)     Description:[MV_CC_InvalidateNodes] return[0x0]     Solution:
Info    2022-05-27 16:57:01:0278  DevID:CCD1(00C65085344)  Source-Line:MvCameraControl.dll(CInterfaceManager.cpp-L1125)     Description:[MV_CC_OpenDevice] nPrivilegeMode[1], nSwitchoverKey[0], return[0x0]     Solution:
Info    2022-05-27 16:57:01:0293  DevID:CCD1(00C65085344)  Source-Line:MvCameraControl.dll(CInterfaceManager.cpp-L1470)     Description:[MV_CC_RegisterImageCallBackEx] return[0x0]     Solution:
Info    2022-05-27 16:57:01:0294  DevID:CCD1(00C65085344)  Source-Line:MvCameraControl.dll(CInterfaceManager.cpp-L2713)     Description:[MV_CC_RegisterExceptionCallBack] return[0x0]     Solution:
Error   2022-05-27 16:57:01:0310  DevID:CCD1(00C65085344)  Source-Line:MvCameraControl.dll(XmlParse.cpp-L2459)     Description:SetNodeValue [ExposureAuto], [Node is not writable. : AccessException thrown in node 'ExposureAuto' while calling 'ExposureAuto.SetIntValue()' (file 'EnumerationT.h', line 83)]     Solution:
Error   2022-05-27 16:57:01:0310  DevID:CCD1(00C65085344)  Source-Line:MvCameraControl.dll(CInterfaceManager.cpp-L3820)     Description:[MV_CC_SetEnumValue] Property[ExposureAuto], Value[0], return[0x80000106]     Solution:
Error   2022-05-27 16:57:01:0376  DevID:CCD1(00C65085344)  Source-Line:MvCameraControl.dll(XmlParse.cpp-L2379)     Description:GetNodeValue [ExposureAuto], [Node is not readable. : AccessException thrown in node 'ExposureAuto' while calling 'ExposureAuto.GetIntValue()' (file 'EnumerationT.h', line 131)]     Solution:
Info    2022-05-27 16:57:01:0447  DevID:CCD1(00C65085344)  Source-Line:MvCameraControl.dll(CInterfaceManager.cpp-L1692)     Description:GigE, DeviceModelName[MV-CE200-10GM], DeviceFirmwareVersion[V2.8.2 171206,171129], DeviceMaxThroughput[745405]     Solution:
Info    2022-05-27 16:57:01:0447  DevID:CCD1(00C65085344)  Source-Line:MvCameraControl.dll(CInterfaceManager.cpp-L1697)     Description:GigE, Width[5472], Height[3648], OffsetX[0], OffsetY[0], PixelFormat[0x1080001], AcquisitionMode[2]     Solution:
Info    2022-05-27 16:57:01:0447  DevID:CCD1(00C65085344)  Source-Line:MvCameraControl.dll(CInterfaceManager.cpp-L1703)     Description:GigE, TriggerMode[1], ResultingFrameRate[4.70], ExposureTime[5000.00], ExposureAuto[0], PayloadSize[19961856]     Solution:
Info    2022-05-27 16:57:01:0447  DevID:CCD1(00C65085344)  Source-Line:MvCameraControl.dll(CInterfaceManager.cpp-L1708)     Description:GigE, GevLinkSpeed[1000], GevHeartbeatTimeout[5000], GevSCPSPacketSize[1500], GevSCPD[400]     Solution:
Info    2022-05-27 16:57:01:0448  DevID:CCD1(00C65085344)  Source-Line:MvCameraControl.dll(CInterfaceManager.cpp-L1811)     Description:The callback has been registered     Solution:
Info    2022-05-27 16:57:01:0449  DevID:CCD1(00C65085344)  Source-Line:MvCameraControl.dll(CInterfaceManager.cpp-L5698)     Description:CamCtrl RecvThread Start, ThreadId[24580]     Solution:
Info    2022-05-27 16:57:01:0449  DevID:CCD1(00C65085344)  Source-Line:MvCameraControl.dll(CInterfaceManager.cpp-L5524)     Description:CamCtrl Display Thread Start, ThreadId[4184]     Solution:
Info    2022-05-27 16:57:01:0456  DevID:CCD1(00C65085344)  Source-Line:MvCameraControl.dll(CInterfaceManager.cpp-L1820)     Description:[MV_CC_StartGrabbing] return[0x0]     Solution:
Info    2022-06-08 08:20:03:0591  DevID:CCD1(00C65085344)  Source-Line:MvCameraControl.dll(CInterfaceManager.cpp-L0863)     Description:Current dynamic library path[C:\Program Files (x86)\Common Files\MVS\Runtime\Win64_x64\MvCameraControl.dll]     Solution:
Info    2022-06-08 08:20:03:0591  DevID:CCD1(00C65085344)  Source-Line:MvCameraControl.dll(CInterfaceManager.cpp-L0866)     Description:[MV_CC_CreateHandle] return[0x0]     Solution:
Info    2022-06-08 08:20:03:0592  DevID:CCD1(00C65085344)  Source-Line:MvCameraControl.dll(CInterfaceManager.cpp-L6010)     Description:CamCtrl[0x3000003], GigE SDKVersion[0x3000003], DriverVersion[0x3000001]     Solution:
Info    2022-06-08 08:20:03:0939  DevID:CCD1(00C65085344)  Source-Line:MvCameraControl.dll(CInterfaceManager.cpp-L4097)     Description:[MV_CC_InvalidateNodes] return[0x0]     Solution:
Info    2022-06-08 08:20:03:0939  DevID:CCD1(00C65085344)  Source-Line:MvCameraControl.dll(CInterfaceManager.cpp-L1125)     Description:[MV_CC_OpenDevice] nPrivilegeMode[1], nSwitchoverKey[0], return[0x0]     Solution:
Info    2022-06-08 08:20:03:0962  DevID:CCD1(00C65085344)  Source-Line:MvCameraControl.dll(CInterfaceManager.cpp-L1470)     Description:[MV_CC_RegisterImageCallBackEx] return[0x0]     Solution:
Info    2022-06-08 08:20:03:0962  DevID:CCD1(00C65085344)  Source-Line:MvCameraControl.dll(CInterfaceManager.cpp-L2713)     Description:[MV_CC_RegisterExceptionCallBack] return[0x0]     Solution:
Error   2022-06-08 08:20:04:0000  DevID:CCD1(00C65085344)  Source-Line:MvCameraControl.dll(XmlParse.cpp-L2459)     Description:SetNodeValue [ExposureAuto], [Node is not writable. : AccessException thrown in node 'ExposureAuto' while calling 'ExposureAuto.SetIntValue()' (file 'EnumerationT.h', line 83)]     Solution:
Error   2022-06-08 08:20:04:0000  DevID:CCD1(00C65085344)  Source-Line:MvCameraControl.dll(CInterfaceManager.cpp-L3820)     Description:[MV_CC_SetEnumValue] Property[ExposureAuto], Value[0], return[0x80000106]     Solution:
Error   2022-06-08 08:20:04:0073  DevID:CCD1(00C65085344)  Source-Line:MvCameraControl.dll(XmlParse.cpp-L2379)     Description:GetNodeValue [ExposureAuto], [Node is not readable. : AccessException thrown in node 'ExposureAuto' while calling 'ExposureAuto.GetIntValue()' (file 'EnumerationT.h', line 131)]     Solution:
Info    2022-06-08 08:20:04:0143  DevID:CCD1(00C65085344)  Source-Line:MvCameraControl.dll(CInterfaceManager.cpp-L1692)     Description:GigE, DeviceModelName[MV-CE200-10GM], DeviceFirmwareVersion[V2.8.2 171206,171129], DeviceMaxThroughput[745405]     Solution:
Info    2022-06-08 08:20:04:0143  DevID:CCD1(00C65085344)  Source-Line:MvCameraControl.dll(CInterfaceManager.cpp-L1697)     Description:GigE, Width[5472], Height[3648], OffsetX[0], OffsetY[0], PixelFormat[0x1080001], AcquisitionMode[2]     Solution:
Info    2022-06-08 08:20:04:0143  DevID:CCD1(00C65085344)  Source-Line:MvCameraControl.dll(CInterfaceManager.cpp-L1703)     Description:GigE, TriggerMode[1], ResultingFrameRate[4.70], ExposureTime[5000.00], ExposureAuto[0], PayloadSize[19961856]     Solution:
Info    2022-06-08 08:20:04:0143  DevID:CCD1(00C65085344)  Source-Line:MvCameraControl.dll(CInterfaceManager.cpp-L1708)     Description:GigE, GevLinkSpeed[1000], GevHeartbeatTimeout[5000], GevSCPSPacketSize[1500], GevSCPD[400]     Solution:
Info    2022-06-08 08:20:04:0144  DevID:CCD1(00C65085344)  Source-Line:MvCameraControl.dll(CInterfaceManager.cpp-L1811)     Description:The callback has been registered     Solution:
Info    2022-06-08 08:20:04:0253  DevID:CCD1(00C65085344)  Source-Line:MvCameraControl.dll(CInterfaceManager.cpp-L1820)     Description:[MV_CC_StartGrabbing] return[0x0]     Solution:
Info    2022-06-08 08:20:04:0253  DevID:CCD1(00C65085344)  Source-Line:MvCameraControl.dll(CInterfaceManager.cpp-L5698)     Description:CamCtrl RecvThread Start, ThreadId[12608]     Solution:
Info    2022-06-08 08:20:04:0253  DevID:CCD1(00C65085344)  Source-Line:MvCameraControl.dll(CInterfaceManager.cpp-L5524)     Description:CamCtrl Display Thread Start, ThreadId[14748]     Solution:
Info    2022-06-08 08:20:20:0193  DevID:CCD1(00C65085344)  Source-Line:MvCameraControl.dll(CInterfaceManager.cpp-L1904)     Description:[StopGrabbing] return[0x0]     Solution:
Info    2022-06-08 08:20:20:0193  DevID:CCD1(00C65085344)  Source-Line:MvCameraControl.dll(CInterfaceManager.cpp-L1905)     Description:GetFrameCount [0], GetFrameSucceedCount[0], RecvFrameCount[0]     Solution:
Info    2022-06-08 08:20:20:0193  DevID:CCD1(00C65085344)  Source-Line:MvCameraControl.dll(CInterfaceManager.cpp-L5873)     Description:RecvThread Process Exit     Solution:
Info    2022-06-08 08:20:20:0272  DevID:CCD1(00C65085344)  Source-Line:MvCameraControl.dll(CInterfaceManager.cpp-L5681)     Description:Display process exit     Solution:
Info    2022-06-08 08:20:20:0931  DevID:CCD1(00C65085344)  Source-Line:MvCameraControl.dll(CInterfaceManager.cpp-L1206)     Description:[CloseDevice] return[0x0]     Solution:
