Info    2022-05-27 10:56:44:0370  DevID:CCD1(00C65085344)  Source-Line:MVGigEVisionSDK.dll(GigEVisionManager.cpp-L0185)     Description:Current dynamic library path[C:\Program Files (x86)\Common Files\MVS\Runtime\Win64_x64\MVGigEVisionSDK.dll]     Solution:
Info    2022-05-27 10:56:44:0373  DevID:CCD1(00C65085344)  Source-Line:MVGigEVisionSDK.dll(GigEVisionManager.cpp-L0282)     Description:Driver mode start!     Solution:
Info    2022-05-27 10:56:44:0373  DevID:CCD1(00C65085344)  Source-Line:MVGigEVisionSDK.dll(GigEVisionManager.cpp-L0318)     Description:Driver Mode [1]     Solution:
Info    2022-05-27 10:56:44:0373  DevID:CCD1(00C65085344)  Source-Line:MVGigEVisionSDK.dll(GigEVisionManager.cpp-L1021)     Description:Connecting device, hostIP[0xc0a86501], hostPort[60288], devIP[0xc0a86514]     Solution:
Info    2022-05-27 10:56:47:0321  DevID:CCD1(00C65085344)  Source-Line:MVGigEVisionSDK.dll(GigEVisionManager.cpp-L2559)     Description:GigE SendRsdCmdThread Start, ThreadId[11656]     Solution:
Info    2022-05-27 10:56:47:0321  DevID:CCD1(00C65085344)  Source-Line:MVGigEVisionSDK.dll(GigEVisionManager.cpp-L2373)     Description:GigE StreamInterEventThread Start, ThreadId[2824]     Solution:
Warning 2022-05-27 10:57:29:0607  DevID:CCD1(00C65085344)  Source-Line:MVGigEVisionSDK.dll(GigEVisionManager.cpp-L4281)     Description:[driver]Remain No Data!     Solution:
Info    2022-05-27 10:57:29:0626  DevID:CCD1(00C65085344)  Source-Line:MVGigEVisionSDK.dll(GigEVisionManager.cpp-L2113)     Description:AppGetCount[0], AppGetCountSucceed[0], NetRecv[0], ThrowAbnormalImage[0], NetLostFrame[0], ThrowInBufList[0], LostPackets[0]     Solution:
Info    2022-05-27 10:57:29:0745  DevID:CCD1(00C65085344)  Source-Line:MVGigEVisionSDK.dll(GigEVisionManager.cpp-L2113)     Description:AppGetCount[0], AppGetCountSucceed[0], NetRecv[0], ThrowAbnormalImage[0], NetLostFrame[0], ThrowInBufList[0], LostPackets[0]     Solution:
Info    2022-05-27 10:57:29:0749  DevID:CCD1(00C65085344)  Source-Line:MVGigEVisionSDK.dll(GigEVisionManager.cpp-L4722)     Description:TransmissionType[0x0], nRet[0x0], GvspSendIp[0xc0a86501], GvspSendPort[60288], HostIp[0xc0a86501], HostPort[60288]     Solution:
Info    2022-05-27 10:57:29:0749  DevID:CCD1(00C65085344)  Source-Line:MVGigEVisionSDK.dll(GigEVisionManager.cpp-L1097)     Description:Disconnect device     Solution:
Info    2022-05-27 10:57:29:0767  DevID:CCD1(00C65085344)  Source-Line:MVGigEVisionSDK.dll(GigEVisionManager.cpp-L2113)     Description:AppGetCount[0], AppGetCountSucceed[0], NetRecv[0], ThrowAbnormalImage[0], NetLostFrame[0], ThrowInBufList[0], LostPackets[0]     Solution:
Info    2022-05-27 10:57:29:0767  DevID:CCD1(00C65085344)  Source-Line:MVGigEVisionSDK.dll(GigEVisionManager.cpp-L2607)     Description:SendRsdCmd thread stop     Solution:
Info    2022-05-27 10:59:13:0503  DevID:CCD1(00C65085344)  Source-Line:MVGigEVisionSDK.dll(GigEVisionManager.cpp-L0185)     Description:Current dynamic library path[C:\Program Files (x86)\Common Files\MVS\Runtime\Win64_x64\MVGigEVisionSDK.dll]     Solution:
Info    2022-05-27 10:59:13:0506  DevID:CCD1(00C65085344)  Source-Line:MVGigEVisionSDK.dll(GigEVisionManager.cpp-L0282)     Description:Driver mode start!     Solution:
Info    2022-05-27 10:59:13:0506  DevID:CCD1(00C65085344)  Source-Line:MVGigEVisionSDK.dll(GigEVisionManager.cpp-L0318)     Description:Driver Mode [1]     Solution:
Info    2022-05-27 10:59:13:0507  DevID:CCD1(00C65085344)  Source-Line:MVGigEVisionSDK.dll(GigEVisionManager.cpp-L1021)     Description:Connecting device, hostIP[0xc0a86501], hostPort[60314], devIP[0xc0a86514]     Solution:
Info    2022-05-27 11:08:35:0092  DevID:CCD1(00C65085344)  Source-Line:MVGigEVisionSDK.dll(GigEVisionManager.cpp-L0185)     Description:Current dynamic library path[C:\Program Files (x86)\Common Files\MVS\Runtime\Win64_x64\MVGigEVisionSDK.dll]     Solution:
Info    2022-05-27 11:08:35:0095  DevID:CCD1(00C65085344)  Source-Line:MVGigEVisionSDK.dll(GigEVisionManager.cpp-L0282)     Description:Driver mode start!     Solution:
Info    2022-05-27 11:08:35:0095  DevID:CCD1(00C65085344)  Source-Line:MVGigEVisionSDK.dll(GigEVisionManager.cpp-L0318)     Description:Driver Mode [1]     Solution:
Info    2022-05-27 11:08:35:0095  DevID:CCD1(00C65085344)  Source-Line:MVGigEVisionSDK.dll(GigEVisionManager.cpp-L1021)     Description:Connecting device, hostIP[0xc0a86501], hostPort[60339], devIP[0xc0a86514]     Solution:
Info    2022-05-27 11:08:41:0359  DevID:CCD1(00C65085344)  Source-Line:MVGigEVisionSDK.dll(GigEVisionManager.cpp-L2559)     Description:GigE SendRsdCmdThread Start, ThreadId[18604]     Solution:
Info    2022-05-27 11:08:41:0359  DevID:CCD1(00C65085344)  Source-Line:MVGigEVisionSDK.dll(GigEVisionManager.cpp-L2373)     Description:GigE StreamInterEventThread Start, ThreadId[5620]     Solution:
Warning 2022-05-27 14:36:35:0652  DevID:CCD1(00C65085344)  Source-Line:MVGigEVisionSDK.dll(GigEVisionManager.cpp-L4281)     Description:[driver]Remain No Data!     Solution:
Info    2022-05-27 14:36:35:0675  DevID:CCD1(00C65085344)  Source-Line:MVGigEVisionSDK.dll(GigEVisionManager.cpp-L2113)     Description:AppGetCount[0], AppGetCountSucceed[0], NetRecv[0], ThrowAbnormalImage[0], NetLostFrame[0], ThrowInBufList[0], LostPackets[0]     Solution:
Info    2022-05-27 14:36:35:0738  DevID:CCD1(00C65085344)  Source-Line:MVGigEVisionSDK.dll(GigEVisionManager.cpp-L2113)     Description:AppGetCount[0], AppGetCountSucceed[0], NetRecv[0], ThrowAbnormalImage[0], NetLostFrame[0], ThrowInBufList[0], LostPackets[0]     Solution:
Info    2022-05-27 14:36:35:0742  DevID:CCD1(00C65085344)  Source-Line:MVGigEVisionSDK.dll(GigEVisionManager.cpp-L4722)     Description:TransmissionType[0x0], nRet[0x0], GvspSendIp[0xc0a86501], GvspSendPort[60339], HostIp[0xc0a86501], HostPort[60339]     Solution:
Info    2022-05-27 14:36:35:0742  DevID:CCD1(00C65085344)  Source-Line:MVGigEVisionSDK.dll(GigEVisionManager.cpp-L1097)     Description:Disconnect device     Solution:
Info    2022-05-27 14:36:35:0759  DevID:CCD1(00C65085344)  Source-Line:MVGigEVisionSDK.dll(GigEVisionManager.cpp-L2113)     Description:AppGetCount[0], AppGetCountSucceed[0], NetRecv[0], ThrowAbnormalImage[0], NetLostFrame[0], ThrowInBufList[0], LostPackets[0]     Solution:
Info    2022-05-27 14:36:35:0759  DevID:CCD1(00C65085344)  Source-Line:MVGigEVisionSDK.dll(GigEVisionManager.cpp-L2607)     Description:SendRsdCmd thread stop     Solution:
Info    2022-05-27 14:36:36:0449  DevID:CCD1(00C65085344)  Source-Line:MVGigEVisionSDK.dll(GigEVisionGVSP.cpp-L0602)     Description:NearBID[0], LastBID[0], output[0]     Solution:
Info    2022-05-27 16:26:13:0900  DevID:CCD1(00C65085344)  Source-Line:MVGigEVisionSDK.dll(GigEVisionManager.cpp-L0185)     Description:Current dynamic library path[C:\Program Files (x86)\Common Files\MVS\Runtime\Win64_x64\MVGigEVisionSDK.dll]     Solution:
Info    2022-05-27 16:26:13:0903  DevID:CCD1(00C65085344)  Source-Line:MVGigEVisionSDK.dll(GigEVisionManager.cpp-L0282)     Description:Driver mode start!     Solution:
Info    2022-05-27 16:26:13:0903  DevID:CCD1(00C65085344)  Source-Line:MVGigEVisionSDK.dll(GigEVisionManager.cpp-L0318)     Description:Driver Mode [1]     Solution:
Info    2022-05-27 16:26:13:0903  DevID:CCD1(00C65085344)  Source-Line:MVGigEVisionSDK.dll(GigEVisionManager.cpp-L1021)     Description:Connecting device, hostIP[0xc0a86501], hostPort[53149], devIP[0xc0a86514]     Solution:
Info    2022-05-27 16:26:39:0265  DevID:CCD1(00C65085344)  Source-Line:MVGigEVisionSDK.dll(GigEVisionManager.cpp-L2373)     Description:GigE StreamInterEventThread Start, ThreadId[22312]     Solution:
Info    2022-05-27 16:26:39:0265  DevID:CCD1(00C65085344)  Source-Line:MVGigEVisionSDK.dll(GigEVisionManager.cpp-L2559)     Description:GigE SendRsdCmdThread Start, ThreadId[22316]     Solution:
Warning 2022-05-27 16:27:01:0283  DevID:CCD1(00C65085344)  Source-Line:MVGigEVisionSDK.dll(GigEVisionManager.cpp-L4281)     Description:[driver]Remain No Data!     Solution:
Info    2022-05-27 16:27:01:0303  DevID:CCD1(00C65085344)  Source-Line:MVGigEVisionSDK.dll(GigEVisionManager.cpp-L2113)     Description:AppGetCount[0], AppGetCountSucceed[0], NetRecv[0], ThrowAbnormalImage[0], NetLostFrame[0], ThrowInBufList[0], LostPackets[0]     Solution:
Info    2022-05-27 16:27:01:0361  DevID:CCD1(00C65085344)  Source-Line:MVGigEVisionSDK.dll(GigEVisionManager.cpp-L2113)     Description:AppGetCount[0], AppGetCountSucceed[0], NetRecv[0], ThrowAbnormalImage[0], NetLostFrame[0], ThrowInBufList[0], LostPackets[0]     Solution:
Info    2022-05-27 16:27:01:0365  DevID:CCD1(00C65085344)  Source-Line:MVGigEVisionSDK.dll(GigEVisionManager.cpp-L4722)     Description:TransmissionType[0x0], nRet[0x0], GvspSendIp[0xc0a86501], GvspSendPort[53149], HostIp[0xc0a86501], HostPort[53149]     Solution:
Info    2022-05-27 16:27:01:0365  DevID:CCD1(00C65085344)  Source-Line:MVGigEVisionSDK.dll(GigEVisionManager.cpp-L1097)     Description:Disconnect device     Solution:
Info    2022-05-27 16:27:01:0383  DevID:CCD1(00C65085344)  Source-Line:MVGigEVisionSDK.dll(GigEVisionManager.cpp-L2113)     Description:AppGetCount[0], AppGetCountSucceed[0], NetRecv[0], ThrowAbnormalImage[0], NetLostFrame[0], ThrowInBufList[0], LostPackets[0]     Solution:
Info    2022-05-27 16:27:01:0383  DevID:CCD1(00C65085344)  Source-Line:MVGigEVisionSDK.dll(GigEVisionManager.cpp-L2607)     Description:SendRsdCmd thread stop     Solution:
Info    2022-05-27 16:27:02:0536  DevID:CCD1(00C65085344)  Source-Line:MVGigEVisionSDK.dll(GigEVisionGVSP.cpp-L0602)     Description:NearBID[0], LastBID[0], output[0]     Solution:
Info    2022-05-27 16:53:04:0975  DevID:CCD1(00C65085344)  Source-Line:MVGigEVisionSDK.dll(GigEVisionManager.cpp-L0185)     Description:Current dynamic library path[C:\Program Files (x86)\Common Files\MVS\Runtime\Win64_x64\MVGigEVisionSDK.dll]     Solution:
Info    2022-05-27 16:53:04:0978  DevID:CCD1(00C65085344)  Source-Line:MVGigEVisionSDK.dll(GigEVisionManager.cpp-L0282)     Description:Driver mode start!     Solution:
Info    2022-05-27 16:53:04:0978  DevID:CCD1(00C65085344)  Source-Line:MVGigEVisionSDK.dll(GigEVisionManager.cpp-L0318)     Description:Driver Mode [1]     Solution:
Info    2022-05-27 16:53:04:0979  DevID:CCD1(00C65085344)  Source-Line:MVGigEVisionSDK.dll(GigEVisionManager.cpp-L1021)     Description:Connecting device, hostIP[0xc0a86501], hostPort[56630], devIP[0xc0a86514]     Solution:
Info    2022-05-27 16:53:07:0422  DevID:CCD1(00C65085344)  Source-Line:MVGigEVisionSDK.dll(GigEVisionManager.cpp-L2373)     Description:GigE StreamInterEventThread Start, ThreadId[23556]     Solution:
Info    2022-05-27 16:53:07:0422  DevID:CCD1(00C65085344)  Source-Line:MVGigEVisionSDK.dll(GigEVisionManager.cpp-L2559)     Description:GigE SendRsdCmdThread Start, ThreadId[17012]     Solution:
Warning 2022-05-27 16:53:51:0733  DevID:CCD1(00C65085344)  Source-Line:MVGigEVisionSDK.dll(GigEVisionManager.cpp-L4281)     Description:[driver]Remain No Data!     Solution:
Info    2022-05-27 16:53:51:0752  DevID:CCD1(00C65085344)  Source-Line:MVGigEVisionSDK.dll(GigEVisionManager.cpp-L2113)     Description:AppGetCount[0], AppGetCountSucceed[0], NetRecv[0], ThrowAbnormalImage[0], NetLostFrame[0], ThrowInBufList[0], LostPackets[0]     Solution:
Info    2022-05-27 16:53:51:0869  DevID:CCD1(00C65085344)  Source-Line:MVGigEVisionSDK.dll(GigEVisionManager.cpp-L2113)     Description:AppGetCount[0], AppGetCountSucceed[0], NetRecv[0], ThrowAbnormalImage[0], NetLostFrame[0], ThrowInBufList[0], LostPackets[0]     Solution:
Info    2022-05-27 16:53:51:0873  DevID:CCD1(00C65085344)  Source-Line:MVGigEVisionSDK.dll(GigEVisionManager.cpp-L4722)     Description:TransmissionType[0x0], nRet[0x0], GvspSendIp[0xc0a86501], GvspSendPort[56630], HostIp[0xc0a86501], HostPort[56630]     Solution:
Info    2022-05-27 16:53:51:0873  DevID:CCD1(00C65085344)  Source-Line:MVGigEVisionSDK.dll(GigEVisionManager.cpp-L1097)     Description:Disconnect device     Solution:
Info    2022-05-27 16:53:51:0890  DevID:CCD1(00C65085344)  Source-Line:MVGigEVisionSDK.dll(GigEVisionManager.cpp-L2113)     Description:AppGetCount[0], AppGetCountSucceed[0], NetRecv[0], ThrowAbnormalImage[0], NetLostFrame[0], ThrowInBufList[0], LostPackets[0]     Solution:
Info    2022-05-27 16:53:51:0890  DevID:CCD1(00C65085344)  Source-Line:MVGigEVisionSDK.dll(GigEVisionManager.cpp-L2607)     Description:SendRsdCmd thread stop     Solution:
Info    2022-05-27 16:53:52:0397  DevID:CCD1(00C65085344)  Source-Line:MVGigEVisionSDK.dll(GigEVisionGVSP.cpp-L0602)     Description:NearBID[0], LastBID[0], output[0]     Solution:
Info    2022-05-27 16:54:58:0072  DevID:CCD1(00C65085344)  Source-Line:MVGigEVisionSDK.dll(GigEVisionManager.cpp-L0185)     Description:Current dynamic library path[C:\Program Files (x86)\Common Files\MVS\Runtime\Win64_x64\MVGigEVisionSDK.dll]     Solution:
Info    2022-05-27 16:54:58:0076  DevID:CCD1(00C65085344)  Source-Line:MVGigEVisionSDK.dll(GigEVisionManager.cpp-L0282)     Description:Driver mode start!     Solution:
Info    2022-05-27 16:54:58:0076  DevID:CCD1(00C65085344)  Source-Line:MVGigEVisionSDK.dll(GigEVisionManager.cpp-L0318)     Description:Driver Mode [1]     Solution:
Info    2022-05-27 16:54:58:0076  DevID:CCD1(00C65085344)  Source-Line:MVGigEVisionSDK.dll(GigEVisionManager.cpp-L1021)     Description:Connecting device, hostIP[0xc0a86501], hostPort[56657], devIP[0xc0a86514]     Solution:
Info    2022-05-27 16:55:02:0080  DevID:CCD1(00C65085344)  Source-Line:MVGigEVisionSDK.dll(GigEVisionManager.cpp-L2559)     Description:GigE SendRsdCmdThread Start, ThreadId[17452]     Solution:
Info    2022-05-27 16:55:02:0081  DevID:CCD1(00C65085344)  Source-Line:MVGigEVisionSDK.dll(GigEVisionManager.cpp-L2373)     Description:GigE StreamInterEventThread Start, ThreadId[13812]     Solution:
Warning 2022-05-27 16:55:13:0285  DevID:CCD1(00C65085344)  Source-Line:MVGigEVisionSDK.dll(GigEVisionManager.cpp-L4281)     Description:[driver]Remain No Data!     Solution:
Info    2022-05-27 16:55:13:0303  DevID:CCD1(00C65085344)  Source-Line:MVGigEVisionSDK.dll(GigEVisionManager.cpp-L2113)     Description:AppGetCount[0], AppGetCountSucceed[0], NetRecv[0], ThrowAbnormalImage[0], NetLostFrame[0], ThrowInBufList[0], LostPackets[0]     Solution:
Info    2022-05-27 16:55:20:0640  DevID:CCD1(00C65085344)  Source-Line:MVGigEVisionSDK.dll(GigEVisionManager.cpp-L2113)     Description:AppGetCount[0], AppGetCountSucceed[0], NetRecv[0], ThrowAbnormalImage[0], NetLostFrame[0], ThrowInBufList[0], LostPackets[0]     Solution:
Info    2022-05-27 16:55:20:0644  DevID:CCD1(00C65085344)  Source-Line:MVGigEVisionSDK.dll(GigEVisionManager.cpp-L4722)     Description:TransmissionType[0x0], nRet[0x0], GvspSendIp[0xc0a86501], GvspSendPort[56657], HostIp[0xc0a86501], HostPort[56657]     Solution:
Info    2022-05-27 16:55:20:0644  DevID:CCD1(00C65085344)  Source-Line:MVGigEVisionSDK.dll(GigEVisionManager.cpp-L1097)     Description:Disconnect device     Solution:
Info    2022-05-27 16:55:20:0662  DevID:CCD1(00C65085344)  Source-Line:MVGigEVisionSDK.dll(GigEVisionManager.cpp-L2113)     Description:AppGetCount[0], AppGetCountSucceed[0], NetRecv[0], ThrowAbnormalImage[0], NetLostFrame[0], ThrowInBufList[0], LostPackets[0]     Solution:
Info    2022-05-27 16:55:20:0662  DevID:CCD1(00C65085344)  Source-Line:MVGigEVisionSDK.dll(GigEVisionManager.cpp-L2607)     Description:SendRsdCmd thread stop     Solution:
Info    2022-05-27 16:57:00:0908  DevID:CCD1(00C65085344)  Source-Line:MVGigEVisionSDK.dll(GigEVisionManager.cpp-L0185)     Description:Current dynamic library path[C:\Program Files (x86)\Common Files\MVS\Runtime\Win64_x64\MVGigEVisionSDK.dll]     Solution:
Info    2022-05-27 16:57:00:0910  DevID:CCD1(00C65085344)  Source-Line:MVGigEVisionSDK.dll(GigEVisionManager.cpp-L0282)     Description:Driver mode start!     Solution:
Info    2022-05-27 16:57:00:0910  DevID:CCD1(00C65085344)  Source-Line:MVGigEVisionSDK.dll(GigEVisionManager.cpp-L0318)     Description:Driver Mode [1]     Solution:
Info    2022-05-27 16:57:00:0911  DevID:CCD1(00C65085344)  Source-Line:MVGigEVisionSDK.dll(GigEVisionManager.cpp-L1021)     Description:Connecting device, hostIP[0xc0a86501], hostPort[62419], devIP[0xc0a86514]     Solution:
Info    2022-05-27 16:57:01:0436  DevID:CCD1(00C65085344)  Source-Line:MVGigEVisionSDK.dll(GigEVisionManager.cpp-L2373)     Description:GigE StreamInterEventThread Start, ThreadId[24960]     Solution:
Info    2022-05-27 16:57:01:0437  DevID:CCD1(00C65085344)  Source-Line:MVGigEVisionSDK.dll(GigEVisionManager.cpp-L2559)     Description:GigE SendRsdCmdThread Start, ThreadId[25088]     Solution:
Info    2022-06-08 08:20:03:0593  DevID:CCD1(00C65085344)  Source-Line:MVGigEVisionSDK.dll(GigEVisionManager.cpp-L0185)     Description:Current dynamic library path[C:\Program Files (x86)\Common Files\MVS\Runtime\Win64_x64\MVGigEVisionSDK.dll]     Solution:
Info    2022-06-08 08:20:03:0596  DevID:CCD1(00C65085344)  Source-Line:MVGigEVisionSDK.dll(GigEVisionManager.cpp-L0282)     Description:Driver mode start!     Solution:
Info    2022-06-08 08:20:03:0596  DevID:CCD1(00C65085344)  Source-Line:MVGigEVisionSDK.dll(GigEVisionManager.cpp-L0318)     Description:Driver Mode [1]     Solution:
Info    2022-06-08 08:20:03:0596  DevID:CCD1(00C65085344)  Source-Line:MVGigEVisionSDK.dll(GigEVisionManager.cpp-L1021)     Description:Connecting device, hostIP[0xc0a86501], hostPort[50254], devIP[0xc0a86514]     Solution:
Info    2022-06-08 08:20:04:0134  DevID:CCD1(00C65085344)  Source-Line:MVGigEVisionSDK.dll(GigEVisionManager.cpp-L2559)     Description:GigE SendRsdCmdThread Start, ThreadId[15456]     Solution:
Info    2022-06-08 08:20:04:0134  DevID:CCD1(00C65085344)  Source-Line:MVGigEVisionSDK.dll(GigEVisionManager.cpp-L2373)     Description:GigE StreamInterEventThread Start, ThreadId[6492]     Solution:
Warning 2022-06-08 08:20:20:0157  DevID:CCD1(00C65085344)  Source-Line:MVGigEVisionSDK.dll(GigEVisionManager.cpp-L4281)     Description:[driver]Remain No Data!     Solution:
Info    2022-06-08 08:20:20:0182  DevID:CCD1(00C65085344)  Source-Line:MVGigEVisionSDK.dll(GigEVisionManager.cpp-L2113)     Description:AppGetCount[0], AppGetCountSucceed[0], NetRecv[0], ThrowAbnormalImage[0], NetLostFrame[0], ThrowInBufList[0], LostPackets[0]     Solution:
Info    2022-06-08 08:20:20:0290  DevID:CCD1(00C65085344)  Source-Line:MVGigEVisionSDK.dll(GigEVisionManager.cpp-L2113)     Description:AppGetCount[0], AppGetCountSucceed[0], NetRecv[0], ThrowAbnormalImage[0], NetLostFrame[0], ThrowInBufList[0], LostPackets[0]     Solution:
Info    2022-06-08 08:20:20:0294  DevID:CCD1(00C65085344)  Source-Line:MVGigEVisionSDK.dll(GigEVisionManager.cpp-L4722)     Description:TransmissionType[0x0], nRet[0x0], GvspSendIp[0xc0a86501], GvspSendPort[50254], HostIp[0xc0a86501], HostPort[50254]     Solution:
Info    2022-06-08 08:20:20:0294  DevID:CCD1(00C65085344)  Source-Line:MVGigEVisionSDK.dll(GigEVisionManager.cpp-L1097)     Description:Disconnect device     Solution:
Info    2022-06-08 08:20:20:0312  DevID:CCD1(00C65085344)  Source-Line:MVGigEVisionSDK.dll(GigEVisionManager.cpp-L2113)     Description:AppGetCount[0], AppGetCountSucceed[0], NetRecv[0], ThrowAbnormalImage[0], NetLostFrame[0], ThrowInBufList[0], LostPackets[0]     Solution:
Info    2022-06-08 08:20:20:0312  DevID:CCD1(00C65085344)  Source-Line:MVGigEVisionSDK.dll(GigEVisionManager.cpp-L2607)     Description:SendRsdCmd thread stop     Solution:
